{"level":"info","message":"Testing logger","timestamp":"2023-05-31T00:46:14.610Z"}
{"level":"info","message":"Testing logger","timestamp":"2023-05-31T02:29:44.173Z"}
{"level":"info","message":"Testing logger","meta":{"app":"SAP-API","route":"/logs/write"},"timestamp":"2023-05-31T02:32:43.030Z"}
{"level":"info","message":"Testing logger","meta":{"app":"SAP-API","route":"/logs/write"},"timestamp":"2023-05-31T02:33:44.733Z"}
{"app":"SAP-API","level":"info","message":"Testing logger","route":"/logs/write","timestamp":"2023-05-31T02:35:38.257Z"}
{"app":"SAP-API","level":"info","message":"Testing logger","route":"/logs/write","timestamp":"2023-05-31T02:36:00.261Z"}
{"level":"info","message":"Testing logger","meta":{"app":"SAP-API","route":"/logs/write"},"timestamp":"2023-05-31T02:36:54.848Z"}
{"level":"info","message":"Testing logger","meta":{"app":"SAP-API","route":"/logs/write"},"timestamp":"2023-05-31T02:36:56.405Z"}
{"level":"info","message":"Testing logger","metadata":{"meta":{"app":"SAP-API","route":"/logs/write"},"timestamp":"2023-05-31T02:39:02.186Z"}}
{"level":"info","message":{"message":"hey there"},"metadata":{"app":"SAP-API","route":"/logs/write","timestamp":"2023-05-31T02:40:17.153Z"}}
{"level":"info","message":{"message":"Hitting route /purchaseOrder/create"},"metadata":{"app":"SAP-API","body":{"articles":[{"articleOne":{"DocNum":"1025","LineItem":"0","Price":"10"}},{"articleTwo":{"DocNum":"1025","LineItem":"1","Price":"22"}}],"purchaseOrder":{"CardCode":"CL002","Comments":"Cliente va entregar en dos partidas","DocDate":"20230412","DocDueDate":"20230412","DocNum":"1025","WMS_ID":"0i02835oajndkfjnajksnf"}},"route":"/purchaseOrder/create","timestamp":"2023-05-31T04:04:18.867Z"}}
{"level":"info","message":{"message":"Purchase order + Articles txt files succesfully created"},"metadata":{"app":"SAP-API","route":"/purchaseOrder/create","timestamp":"2023-05-31T04:04:19.063Z"}}
{"level":"info","message":{"message":"Succesfully runned script in url: C:\\Users\\julia\\Documents\\GitHub\\alpamed_sap_api\\executables\\purchase_order\\create\\create.bat"},"metadata":{"app":"SAP-API","route":"/purchaseOrder/create","stdout":"Output .bat file: ORDR Create no existe.\r\n","timestamp":"2023-05-31T04:04:19.104Z"}}
{"level":"info","message":{"message":"Hitting route /purchaseOrder/create"},"metadata":{"app":"SAP-API","body":{"articles":[{"articleOne":{"DocNum":"1025","LineItem":"0","Price":"10"}},{"articleTwo":{"DocNum":"1025","LineItem":"1","Price":"22"}}],"purchaseOrder":{"CardCode":"CL002","Comments":"Cliente va entregar en dos partidas","DocDate":"20230412","DocDueDate":"20230412","DocNum":"1025","WMS_ID":"0i02835oajndkfjnajksnf"}},"route":"/purchaseOrder/create","timestamp":"2023-05-31T04:04:43.341Z"}}
{"level":"info","message":{"message":"Purchase order + Articles txt files succesfully created"},"metadata":{"app":"SAP-API","route":"/purchaseOrder/create","timestamp":"2023-05-31T04:04:43.518Z"}}
{"level":"info","message":{"message":"Succesfully runned script in url: C:\\Users\\julia\\Documents\\GitHub\\alpamed_sap_api\\executables\\purchase_order\\create\\create.bat"},"metadata":{"app":"SAP-API","route":"/purchaseOrder/create","stdout":"Output .bat file: ORDR Create no existe.\r\n","timestamp":"2023-05-31T04:04:43.569Z"}}
{"level":"info","message":{"message":"Succesfully created purchase order in SAP"},"metadata":{"app":"SAP-API","route":"/purchaseOrder/create","timestamp":"2023-05-31T04:04:43.570Z"}}
{"level":"info","message":{"message":"Succesfully deleted file: C:\\Users\\julia\\Documents\\GitHub\\alpamed_sap_api\\executables\\purchase_order\\create\\create.bat"},"metadata":{"app":"SAP-API","route":"/purchaseOrder/create","timestamp":"2023-05-31T04:04:43.575Z"}}
{"level":"info","message":{"message":"Hitting route /purchaseOrder/create"},"metadata":{"app":"SAP-API","body":{"articles":[{"articleOne":{"DocNum":"1025","LineItem":"0","Price":"10"}},{"articleTwo":{"DocNum":"1025","LineItem":"1","Price":"22"}}],"purchaseOrder":{"CardCode":"CL002","Comments":"Cliente va entregar en dos partidas","DocDate":"20230412","DocDueDate":"20230412","DocNum":"1025","WMS_ID":"0i02835oajndkfjnajksnf"}},"route":"/purchaseOrder/create","timestamp":"2023-05-31T04:06:48.862Z"}}
{"level":"info","message":{"message":"Purchase order + Articles txt files succesfully created"},"metadata":{"app":"SAP-API","route":"/purchaseOrder/create","timestamp":"2023-05-31T04:06:49.085Z"}}
{"level":"info","message":{"message":"Succesfully runned script in url: C:\\Users\\julia\\Documents\\GitHub\\alpamed_sap_api\\executables\\purchase_order\\create\\create.bat"},"metadata":{"app":"SAP-API","route":"/purchaseOrder/create","stdout":"Output .bat file: No File found - C:\\Users\\U002\\Desktop\\alpamed_sap_api\\files\\purchase_order\\create\\ordr.txt\r\n","timestamp":"2023-05-31T04:06:49.129Z"}}
{"level":"info","message":{"message":"Succesfully created purchase order in SAP"},"metadata":{"app":"SAP-API","route":"/purchaseOrder/create","timestamp":"2023-05-31T04:06:49.130Z"}}
{"level":"info","message":{"message":"Succesfully deleted file: C:\\Users\\julia\\Documents\\GitHub\\alpamed_sap_api\\executables\\purchase_order\\create\\create.bat"},"metadata":{"app":"SAP-API","route":"/purchaseOrder/create","timestamp":"2023-05-31T04:06:49.135Z"}}
{"level":"info","message":{"message":"Hitting route /purchaseOrder/create"},"metadata":{"app":"SAP-API","body":{"articles":[{"articleOne":{"DocNum":"1025","LineItem":"0","Price":"10"}},{"articleTwo":{"DocNum":"1025","LineItem":"1","Price":"22"}}],"purchaseOrder":{"CardCode":"CL002","Comments":"Cliente va entregar en dos partidas","DocDate":"20230412","DocDueDate":"20230412","DocNum":"1025","WMS_ID":"0i02835oajndkfjnajksnf"}},"route":"/purchaseOrder/create","timestamp":"2023-05-31T04:07:37.872Z"}}
{"level":"info","message":{"message":"Purchase order + Articles txt files succesfully created"},"metadata":{"app":"SAP-API","route":"/purchaseOrder/create","timestamp":"2023-05-31T04:07:38.047Z"}}
{"level":"info","message":{"message":"Succesfully runned script in url: C:\\Users\\julia\\Documents\\GitHub\\alpamed_sap_api\\executables\\purchase_order\\create\\create.bat"},"metadata":{"app":"SAP-API","route":"/purchaseOrder/create","stdout":"Output .bat file: No File found - C:\\Users\\U002\\Desktop\\alpamed_sap_api\\files\\purchase_order\\create\\ordr.txt\r\n","timestamp":"2023-05-31T04:07:38.077Z"}}
{"level":"info","message":{"message":"Succesfully created purchase order in SAP"},"metadata":{"app":"SAP-API","route":"/purchaseOrder/create","stdout":"No File found - C:\\Users\\U002\\Desktop\\alpamed_sap_api\\files\\purchase_order\\create\\ordr.txt\r\n","timestamp":"2023-05-31T04:07:38.077Z","type":"Error"}}
{"level":"info","message":{"message":"Succesfully deleted file: C:\\Users\\julia\\Documents\\GitHub\\alpamed_sap_api\\executables\\purchase_order\\create\\create.bat"},"metadata":{"app":"SAP-API","route":"/purchaseOrder/create","timestamp":"2023-05-31T04:07:38.085Z"}}
{"level":"info","message":"info","metadata":{"timestamp":"2023-05-31T04:20:18.943Z"}}
{"level":"info","message":"info","metadata":{"timestamp":"2023-05-31T04:20:20.319Z"}}
{"level":"info","message":"info","metadata":{"timestamp":"2023-05-31T04:20:20.832Z"}}
{"level":"info","message":"info","metadata":{"timestamp":"2023-05-31T04:20:21.341Z"}}
{"level":"info","message":"info","metadata":{"timestamp":"2023-05-31T04:20:21.792Z"}}
{"level":"info","message":"info","metadata":{"timestamp":"2023-05-31T04:21:06.038Z"}}
{"level":"info","message":"info","metadata":{"timestamp":"2023-05-31T04:21:06.605Z"}}
{"level":"info","message":"info","metadata":{"timestamp":"2023-05-31T04:21:06.809Z"}}
{"level":"info","message":"info","metadata":{"timestamp":"2023-05-31T04:21:07.036Z"}}
{"level":"info","message":"info","metadata":{"timestamp":"2023-05-31T04:21:07.111Z"}}
